2023-09-22 21:13:08.249098 - 127.0.0.1 - [GET / HTTP/1.1
Host: localhost:8080
User-Agent: Mozilla/5.0 (Macintosh; Intel Mac OS X 10.15; rv:109.0) Gecko/20100101 Firefox/118.0
Accept: text/html,application/xhtml+xml,application/xml;q=0.9,image/avif,image/webp,*/*;q=0.8
Accept-Language: pt-BR,pt;q=0.8,en-US;q=0.5,en;q=0.3
Accept-Encoding: gzip, deflate, br
Connection: keep-alive
Cookie: __session=eyJhbGciOiJSUzI1NiIsImtpZCI6Imluc18yVmpJZmI5ZnhHeGcyS3BsYjVXem5MYlU1NkgiLCJ0eXAiOiJKV1QifQ.eyJhenAiOiJodHRwOi8vbG9jYWxob3N0OjMwMDAiLCJleHAiOjE2OTU0MDk0NTgsImlhdCI6MTY5NTQwOTM5OCwiaXNzIjoiaHR0cHM6Ly9lcGljLWJvYXItMzIuY2xlcmsuYWNjb3VudHMuZGV2IiwibmJmIjoxNjk1NDA5Mzg4LCJzaWQiOiJzZXNzXzJWbE9JNzdJUDl2T2N1SmpGeWRLU3RBZnM0ayIsInN1YiI6InVzZXJfMlZsT0lBTjJWSktnSUhlQ20weEhqeUZRbFFEIn0.CY6p-t6NuVHHPCYEaL8BTgHG1pC9G-sBwDW09b0Oco6oxDuEVmgQPCX-uP8JYpCQQaIC32DUMdgLDlR78_ZUjPEq0drEGu44Rs2fXDkTKYiaT7qN6sLYp9rfnhw_0cKo3hXcMMX83W7IutEQbcXBXB4CUkrZeaESfFuCv1_EefJzKttynYMue7SprglR6h-O5t-cd8lFkkWRSHf7fOxgnn_tiPf0dp97P9_J1EF6difxmUBNt74vO4NhVkAju277M73boPoC0MEY8zzKTIiKAtGZF2UCR2] - 404 Not Found
2023-09-22 21:17:17.645752 - 127.0.0.1 - [GET / HTTP/1.1
Host: localhost:8080
User-Agent: Mozilla/5.0 (Macintosh; Intel Mac OS X 10.15; rv:109.0) Gecko/20100101 Firefox/118.0
Accept: text/html,application/xhtml+xml,application/xml;q=0.9,image/avif,image/webp,*/*;q=0.8
Accept-Language: pt-BR,pt;q=0.8,en-US;q=0.5,en;q=0.3
Accept-Encoding: gzip, deflate, br
Connection: keep-alive
Cookie: __session=eyJhbGciOiJSUzI1NiIsImtpZCI6Imluc18yVmpJZmI5ZnhHeGcyS3BsYjVXem5MYlU1NkgiLCJ0eXAiOiJKV1QifQ.eyJhenAiOiJodHRwOi8vbG9jYWxob3N0OjMwMDAiLCJleHAiOjE2OTU0MDk0NTgsImlhdCI6MTY5NTQwOTM5OCwiaXNzIjoiaHR0cHM6Ly9lcGljLWJvYXItMzIuY2xlcmsuYWNjb3VudHMuZGV2IiwibmJmIjoxNjk1NDA5Mzg4LCJzaWQiOiJzZXNzXzJWbE9JNzdJUDl2T2N1SmpGeWRLU3RBZnM0ayIsInN1YiI6InVzZXJfMlZsT0lBTjJWSktnSUhlQ20weEhqeUZRbFFEIn0.CY6p-t6NuVHHPCYEaL8BTgHG1pC9G-sBwDW09b0Oco6oxDuEVmgQPCX-uP8JYpCQQaIC32DUMdgLDlR78_ZUjPEq0drEGu44Rs2fXDkTKYiaT7qN6sLYp9rfnhw_0cKo3hXcMMX83W7IutEQbcXBXB4CUkrZeaESfFuCv1_EefJzKttynYMue7SprglR6h-O5t-cd8lFkkWRSHf7fOxgnn_tiPf0dp97P9_J1EF6difxmUBNt74vO4NhVkAju277M73boPoC0MEY8zzKTIiKAtGZF2UCR2] - 404 Not Found
2023-09-22 21:18:24.362897 - 127.0.0.1 - [GET / HTTP/1.1
Host: localhost:8080
User-Agent: Mozilla/5.0 (Macintosh; Intel Mac OS X 10.15; rv:109.0) Gecko/20100101 Firefox/118.0
Accept: text/html,application/xhtml+xml,application/xml;q=0.9,image/avif,image/webp,*/*;q=0.8
Accept-Language: pt-BR,pt;q=0.8,en-US;q=0.5,en;q=0.3
Accept-Encoding: gzip, deflate, br
Connection: keep-alive
Cookie: __session=eyJhbGciOiJSUzI1NiIsImtpZCI6Imluc18yVmpJZmI5ZnhHeGcyS3BsYjVXem5MYlU1NkgiLCJ0eXAiOiJKV1QifQ.eyJhenAiOiJodHRwOi8vbG9jYWxob3N0OjMwMDAiLCJleHAiOjE2OTU0MDk0NTgsImlhdCI6MTY5NTQwOTM5OCwiaXNzIjoiaHR0cHM6Ly9lcGljLWJvYXItMzIuY2xlcmsuYWNjb3VudHMuZGV2IiwibmJmIjoxNjk1NDA5Mzg4LCJzaWQiOiJzZXNzXzJWbE9JNzdJUDl2T2N1SmpGeWRLU3RBZnM0ayIsInN1YiI6InVzZXJfMlZsT0lBTjJWSktnSUhlQ20weEhqeUZRbFFEIn0.CY6p-t6NuVHHPCYEaL8BTgHG1pC9G-sBwDW09b0Oco6oxDuEVmgQPCX-uP8JYpCQQaIC32DUMdgLDlR78_ZUjPEq0drEGu44Rs2fXDkTKYiaT7qN6sLYp9rfnhw_0cKo3hXcMMX83W7IutEQbcXBXB4CUkrZeaESfFuCv1_EefJzKttynYMue7SprglR6h-O5t-cd8lFkkWRSHf7fOxgnn_tiPf0dp97P9_J1EF6difxmUBNt74vO4NhVkAju277M73boPoC0MEY8zzKTIiKAtGZF2UCR2] - 404 Not Found
